Determining if the pthread_create exist failed with the following output:
Change Dir: /home/aniket/catkin_ws/build_isolated/vitarana_drone/CMakeFiles/CMakeTmp

Run Build Command:"/usr/bin/make" "cmTC_7abf3/fast"
/usr/bin/make -f CMakeFiles/cmTC_7abf3.dir/build.make CMakeFiles/cmTC_7abf3.dir/build
make[1]: Entering directory '/home/aniket/catkin_ws/build_isolated/vitarana_drone/CMakeFiles/CMakeTmp'
Building C object CMakeFiles/cmTC_7abf3.dir/CheckSymbolExists.c.o
/usr/bin/cc    -o CMakeFiles/cmTC_7abf3.dir/CheckSymbolExists.c.o   -c /home/aniket/catkin_ws/build_isolated/vitarana_drone/CMakeFiles/CMakeTmp/CheckSymbolExists.c
Linking C executable cmTC_7abf3
/usr/bin/cmake -E cmake_link_script CMakeFiles/cmTC_7abf3.dir/link.txt --verbose=1
/usr/bin/cc      -rdynamic CMakeFiles/cmTC_7abf3.dir/CheckSymbolExists.c.o  -o cmTC_7abf3 
CMakeFiles/cmTC_7abf3.dir/CheckSymbolExists.c.o: In function `main':
CheckSymbolExists.c:(.text+0x1b): undefined reference to `pthread_create'
collect2: error: ld returned 1 exit status
CMakeFiles/cmTC_7abf3.dir/build.make:97: recipe for target 'cmTC_7abf3' failed
make[1]: *** [cmTC_7abf3] Error 1
make[1]: Leaving directory '/home/aniket/catkin_ws/build_isolated/vitarana_drone/CMakeFiles/CMakeTmp'
Makefile:126: recipe for target 'cmTC_7abf3/fast' failed
make: *** [cmTC_7abf3/fast] Error 2

File /home/aniket/catkin_ws/build_isolated/vitarana_drone/CMakeFiles/CMakeTmp/CheckSymbolExists.c:
/* */
#include <pthread.h>

int main(int argc, char** argv)
{
  (void)argv;
#ifndef pthread_create
  return ((int*)(&pthread_create))[argc];
#else
  (void)argc;
  return 0;
#endif
}

Determining if the function pthread_create exists in the pthreads failed with the following output:
Change Dir: /home/aniket/catkin_ws/build_isolated/vitarana_drone/CMakeFiles/CMakeTmp

Run Build Command:"/usr/bin/make" "cmTC_c9ae0/fast"
/usr/bin/make -f CMakeFiles/cmTC_c9ae0.dir/build.make CMakeFiles/cmTC_c9ae0.dir/build
make[1]: Entering directory '/home/aniket/catkin_ws/build_isolated/vitarana_drone/CMakeFiles/CMakeTmp'
Building C object CMakeFiles/cmTC_c9ae0.dir/CheckFunctionExists.c.o
/usr/bin/cc   -DCHECK_FUNCTION_EXISTS=pthread_create   -o CMakeFiles/cmTC_c9ae0.dir/CheckFunctionExists.c.o   -c /usr/share/cmake-3.10/Modules/CheckFunctionExists.c
Linking C executable cmTC_c9ae0
/usr/bin/cmake -E cmake_link_script CMakeFiles/cmTC_c9ae0.dir/link.txt --verbose=1
/usr/bin/cc  -DCHECK_FUNCTION_EXISTS=pthread_create    -rdynamic CMakeFiles/cmTC_c9ae0.dir/CheckFunctionExists.c.o  -o cmTC_c9ae0 -lpthreads 
/usr/bin/ld: cannot find -lpthreads
collect2: error: ld returned 1 exit status
CMakeFiles/cmTC_c9ae0.dir/build.make:97: recipe for target 'cmTC_c9ae0' failed
make[1]: *** [cmTC_c9ae0] Error 1
make[1]: Leaving directory '/home/aniket/catkin_ws/build_isolated/vitarana_drone/CMakeFiles/CMakeTmp'
Makefile:126: recipe for target 'cmTC_c9ae0/fast' failed
make: *** [cmTC_c9ae0/fast] Error 2


