[36m--[0m Using CATKIN_DEVEL_PREFIX: /home/aniket/catkin_ws/devel/.private/gazebo_ros_link_attacher
[36m--[0m Using CMAKE_PREFIX_PATH: /home/aniket/catkin_ws/devel;/opt/ros/melodic
[36m--[0m This workspace overlays: /home/aniket/catkin_ws/devel;/opt/ros/melodic
[36m--[0m Found PythonInterp: /usr/bin/python2 (found suitable version "2.7.17", minimum required is "2")
[36m--[0m Using PYTHON_EXECUTABLE: /usr/bin/python2
[36m--[0m Using Debian Python package layout
[36m--[0m Using empy: /usr/bin/empy
[36m--[0m Using CATKIN_ENABLE_TESTING: ON
[36m--[0m Call enable_testing()
[36m--[0m Using CATKIN_TEST_RESULTS_DIR: /home/aniket/catkin_ws/build/gazebo_ros_link_attacher/test_results
[36m--[0m Found gtest sources under '/usr/src/googletest': gtests will be built
[36m--[0m Found gmock sources under '/usr/src/googletest': gmock will be built
[36m--[0m Found PythonInterp: /usr/bin/python2 (found version "2.7.17")
[36m--[0m Using Python nosetests: /usr/bin/nosetests-2.7
[36m--[0m catkin 0.7.28
[36m--[0m BUILD_SHARED_LIBS is on
[36m--[0m Could NOT find gazebo_ros (missing: gazebo_ros_DIR)
[36m--[0m Could not find the required component 'gazebo_ros'. The following CMake error indicates that you either need to install the package with the same name or change your environment so that it can be found.
[31m[1mCMake Error[0m at /opt/ros/melodic/share/catkin/cmake/catkinConfig.cmake:83 (find_package):
  Could not find a package configuration file provided by "gazebo_ros" with
  any of the following names:

    gazebo_rosConfig.cmake
    gazebo_ros-config.cmake

  Add the installation prefix of "gazebo_ros" to CMAKE_PREFIX_PATH or set
  "gazebo_ros_DIR" to a directory containing one of the above files.  If
  "gazebo_ros" provides a separate development package or SDK, be sure it has
  been installed.
[36mCall Stack (most recent call first):[0m
  CMakeLists.txt:20 (find_package)


[36m--[0m Configuring incomplete, errors occurred!
See also "/home/aniket/catkin_ws/build/gazebo_ros_link_attacher/CMakeFiles/CMakeOutput.log".
See also "/home/aniket/catkin_ws/build/gazebo_ros_link_attacher/CMakeFiles/CMakeError.log".
Makefile:1470: recipe for target 'cmake_check_build_system' failed
make: *** [cmake_check_build_system] Error 1
