[  0%] Built target _vitarana_drone_generate_messages_check_deps_edrone_cmd
[  0%] Built target _vitarana_drone_generate_messages_check_deps_Gripper
[  0%] Built target _vitarana_drone_generate_messages_check_deps_prop_speed
[35m[1mScanning dependencies of target _vitarana_drone_generate_messages_check_deps_MarkerData[0m
[  0%] Built target _vitarana_drone_generate_messages_check_deps_MarkerData
[  0%] Built target std_msgs_generate_messages_cpp
[  0%] Built target std_msgs_generate_messages_eus
[  0%] Built target std_msgs_generate_messages_py
[  0%] Built target std_msgs_generate_messages_lisp
[  0%] Built target std_msgs_generate_messages_nodejs
[  6%] Built target vitarana_drone_gencfg
[ 10%] [34m[1mGenerating C++ code from vitarana_drone/MarkerData.msg[0m
[ 20%] Built target vitarana_drone_generate_messages_cpp
[ 24%] [34m[1mGenerating EusLisp code from vitarana_drone/MarkerData.msg[0m
[ 37%] Built target vitarana_drone_generate_messages_eus
[ 41%] [34m[1mGenerating Python from MSG vitarana_drone/MarkerData[0m
[ 44%] [34m[1mGenerating Python msg __init__.py for vitarana_drone[0m
[ 48%] [34m[1mGenerating Python srv __init__.py for vitarana_drone[0m
[ 58%] Built target vitarana_drone_generate_messages_py
[ 62%] [34m[1mGenerating Lisp code from vitarana_drone/MarkerData.msg[0m
[ 72%] Built target vitarana_drone_generate_messages_lisp
[ 75%] [34m[1mGenerating Javascript code from vitarana_drone/MarkerData.msg[0m
[ 86%] Built target vitarana_drone_generate_messages_nodejs
[ 93%] Built target gazebo_ros_gps
[35m[1mScanning dependencies of target gazebo_edrone_propulsion[0m
[ 96%] [32mBuilding CXX object CMakeFiles/gazebo_edrone_propulsion.dir/src/gazebo_edrone_propulsion.cpp.o[0m
[100%] [32m[1mLinking CXX shared library /home/aniket/catkin_ws/devel/.private/vitarana_drone/lib/libgazebo_edrone_propulsion.so[0m
[100%] Built target gazebo_edrone_propulsion
[100%] Built target vitarana_drone_generate_messages
