Linked: (/home/aniket/catkin_ws/devel/.private/vitarana_drone/lib/libgazebo_ros_gps.so, /home/aniket/catkin_ws/devel/lib/libgazebo_ros_gps.so)
Linked: (/home/aniket/catkin_ws/devel/.private/vitarana_drone/lib/libgazebo_edrone_propulsion.so, /home/aniket/catkin_ws/devel/lib/libgazebo_edrone_propulsion.so)
Linked: (/home/aniket/catkin_ws/devel/.private/vitarana_drone/lib/pkgconfig/vitarana_drone.pc, /home/aniket/catkin_ws/devel/lib/pkgconfig/vitarana_drone.pc)
Linked: (/home/aniket/catkin_ws/devel/.private/vitarana_drone/lib/python2.7/dist-packages/vitarana_drone/__init__.py, /home/aniket/catkin_ws/devel/lib/python2.7/dist-packages/vitarana_drone/__init__.py)
Linked: (/home/aniket/catkin_ws/devel/.private/vitarana_drone/lib/python2.7/dist-packages/vitarana_drone/srv/__init__.py, /home/aniket/catkin_ws/devel/lib/python2.7/dist-packages/vitarana_drone/srv/__init__.py)
Linked: (/home/aniket/catkin_ws/devel/.private/vitarana_drone/lib/python2.7/dist-packages/vitarana_drone/srv/_Gripper.py, /home/aniket/catkin_ws/devel/lib/python2.7/dist-packages/vitarana_drone/srv/_Gripper.py)
Linked: (/home/aniket/catkin_ws/devel/.private/vitarana_drone/lib/python2.7/dist-packages/vitarana_drone/msg/__init__.py, /home/aniket/catkin_ws/devel/lib/python2.7/dist-packages/vitarana_drone/msg/__init__.py)
Linked: (/home/aniket/catkin_ws/devel/.private/vitarana_drone/lib/python2.7/dist-packages/vitarana_drone/msg/_edrone_cmd.py, /home/aniket/catkin_ws/devel/lib/python2.7/dist-packages/vitarana_drone/msg/_edrone_cmd.py)
Symlinking /home/aniket/catkin_ws/devel/lib/python2.7/dist-packages/vitarana_drone/msg/_MarkerData.py
Linked: (/home/aniket/catkin_ws/devel/.private/vitarana_drone/lib/python2.7/dist-packages/vitarana_drone/msg/_prop_speed.py, /home/aniket/catkin_ws/devel/lib/python2.7/dist-packages/vitarana_drone/msg/_prop_speed.py)
Linked: (/home/aniket/catkin_ws/devel/.private/vitarana_drone/lib/python2.7/dist-packages/vitarana_drone/cfg/GNSSConfig.py, /home/aniket/catkin_ws/devel/lib/python2.7/dist-packages/vitarana_drone/cfg/GNSSConfig.py)
Linked: (/home/aniket/catkin_ws/devel/.private/vitarana_drone/lib/python2.7/dist-packages/vitarana_drone/cfg/__init__.py, /home/aniket/catkin_ws/devel/lib/python2.7/dist-packages/vitarana_drone/cfg/__init__.py)
Linked: (/home/aniket/catkin_ws/devel/.private/vitarana_drone/lib/python2.7/dist-packages/vitarana_drone/cfg/SensorModelConfig.py, /home/aniket/catkin_ws/devel/lib/python2.7/dist-packages/vitarana_drone/cfg/SensorModelConfig.py)
Linked: (/home/aniket/catkin_ws/devel/.private/vitarana_drone/include/vitarana_drone/prop_speed.h, /home/aniket/catkin_ws/devel/include/vitarana_drone/prop_speed.h)
Linked: (/home/aniket/catkin_ws/devel/.private/vitarana_drone/include/vitarana_drone/Gripper.h, /home/aniket/catkin_ws/devel/include/vitarana_drone/Gripper.h)
Linked: (/home/aniket/catkin_ws/devel/.private/vitarana_drone/include/vitarana_drone/SensorModelConfig.h, /home/aniket/catkin_ws/devel/include/vitarana_drone/SensorModelConfig.h)
Linked: (/home/aniket/catkin_ws/devel/.private/vitarana_drone/include/vitarana_drone/GNSSConfig.h, /home/aniket/catkin_ws/devel/include/vitarana_drone/GNSSConfig.h)
Symlinking /home/aniket/catkin_ws/devel/include/vitarana_drone/MarkerData.h
Linked: (/home/aniket/catkin_ws/devel/.private/vitarana_drone/include/vitarana_drone/GripperRequest.h, /home/aniket/catkin_ws/devel/include/vitarana_drone/GripperRequest.h)
Linked: (/home/aniket/catkin_ws/devel/.private/vitarana_drone/include/vitarana_drone/edrone_cmd.h, /home/aniket/catkin_ws/devel/include/vitarana_drone/edrone_cmd.h)
Linked: (/home/aniket/catkin_ws/devel/.private/vitarana_drone/include/vitarana_drone/GripperResponse.h, /home/aniket/catkin_ws/devel/include/vitarana_drone/GripperResponse.h)
Linked: (/home/aniket/catkin_ws/devel/.private/vitarana_drone/share/common-lisp/ros/vitarana_drone/srv/Gripper.lisp, /home/aniket/catkin_ws/devel/share/common-lisp/ros/vitarana_drone/srv/Gripper.lisp)
Linked: (/home/aniket/catkin_ws/devel/.private/vitarana_drone/share/common-lisp/ros/vitarana_drone/srv/vitarana_drone-srv.asd, /home/aniket/catkin_ws/devel/share/common-lisp/ros/vitarana_drone/srv/vitarana_drone-srv.asd)
Linked: (/home/aniket/catkin_ws/devel/.private/vitarana_drone/share/common-lisp/ros/vitarana_drone/srv/_package_Gripper.lisp, /home/aniket/catkin_ws/devel/share/common-lisp/ros/vitarana_drone/srv/_package_Gripper.lisp)
Linked: (/home/aniket/catkin_ws/devel/.private/vitarana_drone/share/common-lisp/ros/vitarana_drone/srv/_package.lisp, /home/aniket/catkin_ws/devel/share/common-lisp/ros/vitarana_drone/srv/_package.lisp)
Linked: (/home/aniket/catkin_ws/devel/.private/vitarana_drone/share/common-lisp/ros/vitarana_drone/msg/vitarana_drone-msg.asd, /home/aniket/catkin_ws/devel/share/common-lisp/ros/vitarana_drone/msg/vitarana_drone-msg.asd)
Linked: (/home/aniket/catkin_ws/devel/.private/vitarana_drone/share/common-lisp/ros/vitarana_drone/msg/_package_edrone_cmd.lisp, /home/aniket/catkin_ws/devel/share/common-lisp/ros/vitarana_drone/msg/_package_edrone_cmd.lisp)
Symlinking /home/aniket/catkin_ws/devel/share/common-lisp/ros/vitarana_drone/msg/_package_MarkerData.lisp
Symlinking /home/aniket/catkin_ws/devel/share/common-lisp/ros/vitarana_drone/msg/MarkerData.lisp
Linked: (/home/aniket/catkin_ws/devel/.private/vitarana_drone/share/common-lisp/ros/vitarana_drone/msg/edrone_cmd.lisp, /home/aniket/catkin_ws/devel/share/common-lisp/ros/vitarana_drone/msg/edrone_cmd.lisp)
Linked: (/home/aniket/catkin_ws/devel/.private/vitarana_drone/share/common-lisp/ros/vitarana_drone/msg/prop_speed.lisp, /home/aniket/catkin_ws/devel/share/common-lisp/ros/vitarana_drone/msg/prop_speed.lisp)
Linked: (/home/aniket/catkin_ws/devel/.private/vitarana_drone/share/common-lisp/ros/vitarana_drone/msg/_package_prop_speed.lisp, /home/aniket/catkin_ws/devel/share/common-lisp/ros/vitarana_drone/msg/_package_prop_speed.lisp)
Linked: (/home/aniket/catkin_ws/devel/.private/vitarana_drone/share/common-lisp/ros/vitarana_drone/msg/_package.lisp, /home/aniket/catkin_ws/devel/share/common-lisp/ros/vitarana_drone/msg/_package.lisp)
Linked: (/home/aniket/catkin_ws/devel/.private/vitarana_drone/share/vitarana_drone/docs/GNSSConfig.dox, /home/aniket/catkin_ws/devel/share/vitarana_drone/docs/GNSSConfig.dox)
Linked: (/home/aniket/catkin_ws/devel/.private/vitarana_drone/share/vitarana_drone/docs/SensorModelConfig.dox, /home/aniket/catkin_ws/devel/share/vitarana_drone/docs/SensorModelConfig.dox)
Linked: (/home/aniket/catkin_ws/devel/.private/vitarana_drone/share/vitarana_drone/docs/SensorModelConfig.wikidoc, /home/aniket/catkin_ws/devel/share/vitarana_drone/docs/SensorModelConfig.wikidoc)
Linked: (/home/aniket/catkin_ws/devel/.private/vitarana_drone/share/vitarana_drone/docs/SensorModelConfig-usage.dox, /home/aniket/catkin_ws/devel/share/vitarana_drone/docs/SensorModelConfig-usage.dox)
Linked: (/home/aniket/catkin_ws/devel/.private/vitarana_drone/share/vitarana_drone/docs/GNSSConfig.wikidoc, /home/aniket/catkin_ws/devel/share/vitarana_drone/docs/GNSSConfig.wikidoc)
Linked: (/home/aniket/catkin_ws/devel/.private/vitarana_drone/share/vitarana_drone/docs/GNSSConfig-usage.dox, /home/aniket/catkin_ws/devel/share/vitarana_drone/docs/GNSSConfig-usage.dox)
Linked: (/home/aniket/catkin_ws/devel/.private/vitarana_drone/share/vitarana_drone/cmake/vitarana_drone-msg-extras.cmake, /home/aniket/catkin_ws/devel/share/vitarana_drone/cmake/vitarana_drone-msg-extras.cmake)
Linked: (/home/aniket/catkin_ws/devel/.private/vitarana_drone/share/vitarana_drone/cmake/vitarana_droneConfig.cmake, /home/aniket/catkin_ws/devel/share/vitarana_drone/cmake/vitarana_droneConfig.cmake)
Linked: (/home/aniket/catkin_ws/devel/.private/vitarana_drone/share/vitarana_drone/cmake/vitarana_drone-msg-paths.cmake, /home/aniket/catkin_ws/devel/share/vitarana_drone/cmake/vitarana_drone-msg-paths.cmake)
Linked: (/home/aniket/catkin_ws/devel/.private/vitarana_drone/share/vitarana_drone/cmake/vitarana_droneConfig-version.cmake, /home/aniket/catkin_ws/devel/share/vitarana_drone/cmake/vitarana_droneConfig-version.cmake)
Linked: (/home/aniket/catkin_ws/devel/.private/vitarana_drone/share/gennodejs/ros/vitarana_drone/_index.js, /home/aniket/catkin_ws/devel/share/gennodejs/ros/vitarana_drone/_index.js)
Linked: (/home/aniket/catkin_ws/devel/.private/vitarana_drone/share/gennodejs/ros/vitarana_drone/srv/Gripper.js, /home/aniket/catkin_ws/devel/share/gennodejs/ros/vitarana_drone/srv/Gripper.js)
Linked: (/home/aniket/catkin_ws/devel/.private/vitarana_drone/share/gennodejs/ros/vitarana_drone/srv/_index.js, /home/aniket/catkin_ws/devel/share/gennodejs/ros/vitarana_drone/srv/_index.js)
Symlinking /home/aniket/catkin_ws/devel/share/gennodejs/ros/vitarana_drone/msg/MarkerData.js
Linked: (/home/aniket/catkin_ws/devel/.private/vitarana_drone/share/gennodejs/ros/vitarana_drone/msg/edrone_cmd.js, /home/aniket/catkin_ws/devel/share/gennodejs/ros/vitarana_drone/msg/edrone_cmd.js)
Linked: (/home/aniket/catkin_ws/devel/.private/vitarana_drone/share/gennodejs/ros/vitarana_drone/msg/_index.js, /home/aniket/catkin_ws/devel/share/gennodejs/ros/vitarana_drone/msg/_index.js)
Linked: (/home/aniket/catkin_ws/devel/.private/vitarana_drone/share/gennodejs/ros/vitarana_drone/msg/prop_speed.js, /home/aniket/catkin_ws/devel/share/gennodejs/ros/vitarana_drone/msg/prop_speed.js)
Linked: (/home/aniket/catkin_ws/devel/.private/vitarana_drone/share/roseus/ros/vitarana_drone/manifest.l, /home/aniket/catkin_ws/devel/share/roseus/ros/vitarana_drone/manifest.l)
Linked: (/home/aniket/catkin_ws/devel/.private/vitarana_drone/share/roseus/ros/vitarana_drone/srv/Gripper.l, /home/aniket/catkin_ws/devel/share/roseus/ros/vitarana_drone/srv/Gripper.l)
Linked: (/home/aniket/catkin_ws/devel/.private/vitarana_drone/share/roseus/ros/vitarana_drone/msg/edrone_cmd.l, /home/aniket/catkin_ws/devel/share/roseus/ros/vitarana_drone/msg/edrone_cmd.l)
Linked: (/home/aniket/catkin_ws/devel/.private/vitarana_drone/share/roseus/ros/vitarana_drone/msg/prop_speed.l, /home/aniket/catkin_ws/devel/share/roseus/ros/vitarana_drone/msg/prop_speed.l)
Symlinking /home/aniket/catkin_ws/devel/share/roseus/ros/vitarana_drone/msg/MarkerData.l
