[  0%] Built target _vitarana_drone_generate_messages_check_deps_edrone_cmd
[  0%] Built target _vitarana_drone_generate_messages_check_deps_Gripper
[  0%] Built target _vitarana_drone_generate_messages_check_deps_prop_speed
[  0%] Built target _vitarana_drone_generate_messages_check_deps_MarkerData
[  0%] Built target std_msgs_generate_messages_cpp
[  0%] Built target std_msgs_generate_messages_eus
[  0%] Built target std_msgs_generate_messages_py
[  0%] Built target std_msgs_generate_messages_lisp
[  0%] Built target std_msgs_generate_messages_nodejs
[  6%] Built target vitarana_drone_gencfg
[ 20%] Built target vitarana_drone_generate_messages_cpp
[ 37%] Built target vitarana_drone_generate_messages_eus
[ 58%] Built target vitarana_drone_generate_messages_py
[ 72%] Built target vitarana_drone_generate_messages_lisp
[ 86%] Built target vitarana_drone_generate_messages_nodejs
[ 89%] [32m[1mLinking CXX shared library /home/aniket/catkin_ws/devel/.private/vitarana_drone/lib/libgazebo_ros_gps.so[0m
[ 93%] Built target gazebo_ros_gps
[35m[1mScanning dependencies of target gazebo_edrone_propulsion[0m
[ 96%] [32mBuilding CXX object CMakeFiles/gazebo_edrone_propulsion.dir/src/gazebo_edrone_propulsion.cpp.o[0m
[100%] [32m[1mLinking CXX shared library /home/aniket/catkin_ws/devel/.private/vitarana_drone/lib/libgazebo_edrone_propulsion.so[0m
[100%] Built target gazebo_edrone_propulsion
[100%] Built target vitarana_drone_generate_messages
